0 info it worked if it ends with ok
1 verbose cli [ '/usr/local/bin/node',
1 verbose cli   '/usr/local/bin/npm',
1 verbose cli   'install',
1 verbose cli   'watch',
1 verbose cli   '-g' ]
2 info using npm@3.10.10
3 info using node@v6.10.3
4 silly loadCurrentTree Starting
5 silly install loadCurrentTree
6 silly install readGlobalPackageData
7 silly fetchPackageMetaData watch
8 silly fetchNamedPackageData watch
9 silly mapToRegistry name watch
10 silly mapToRegistry using default registry
11 silly mapToRegistry registry https://registry.npmjs.org/
12 silly mapToRegistry data Result {
12 silly mapToRegistry   raw: 'watch',
12 silly mapToRegistry   scope: null,
12 silly mapToRegistry   escapedName: 'watch',
12 silly mapToRegistry   name: 'watch',
12 silly mapToRegistry   rawSpec: '',
12 silly mapToRegistry   spec: 'latest',
12 silly mapToRegistry   type: 'tag' }
13 silly mapToRegistry uri https://registry.npmjs.org/watch
14 verbose request uri https://registry.npmjs.org/watch
15 verbose request no auth needed
16 info attempt registry request try #1 at 14:33:58
17 verbose request id c44564e2b0d53528
18 verbose etag W/"58fc999c-8d1f"
19 verbose lastModified Sun, 23 Apr 2017 12:10:04 GMT
20 http request GET https://registry.npmjs.org/watch
21 http 200 https://registry.npmjs.org/watch
22 verbose headers { server: 'nginx/1.10.1',
22 verbose headers   'content-type': 'application/json',
22 verbose headers   'last-modified': 'Fri, 16 Jun 2017 17:20:41 GMT',
22 verbose headers   etag: 'W/"59441369-8d43"',
22 verbose headers   'content-encoding': 'gzip',
22 verbose headers   'cache-control': 'max-age=300',
22 verbose headers   'content-length': '6139',
22 verbose headers   'accept-ranges': 'bytes',
22 verbose headers   date: 'Mon, 19 Jun 2017 12:33:59 GMT',
22 verbose headers   via: '1.1 varnish',
22 verbose headers   age: '46',
22 verbose headers   connection: 'close',
22 verbose headers   'x-served-by': 'cache-hhn1538-HHN',
22 verbose headers   'x-cache': 'HIT',
22 verbose headers   'x-cache-hits': '2',
22 verbose headers   'x-timer': 'S1497875639.467444,VS0,VE0',
22 verbose headers   vary: 'Accept-Encoding' }
23 silly get cb [ 200,
23 silly get   { server: 'nginx/1.10.1',
23 silly get     'content-type': 'application/json',
23 silly get     'last-modified': 'Fri, 16 Jun 2017 17:20:41 GMT',
23 silly get     etag: 'W/"59441369-8d43"',
23 silly get     'content-encoding': 'gzip',
23 silly get     'cache-control': 'max-age=300',
23 silly get     'content-length': '6139',
23 silly get     'accept-ranges': 'bytes',
23 silly get     date: 'Mon, 19 Jun 2017 12:33:59 GMT',
23 silly get     via: '1.1 varnish',
23 silly get     age: '46',
23 silly get     connection: 'close',
23 silly get     'x-served-by': 'cache-hhn1538-HHN',
23 silly get     'x-cache': 'HIT',
23 silly get     'x-cache-hits': '2',
23 silly get     'x-timer': 'S1497875639.467444,VS0,VE0',
23 silly get     vary: 'Accept-Encoding' } ]
24 verbose get saving watch to /Users/normanraschke/.npm/registry.npmjs.org/watch/.cache.json
25 verbose correctMkdir /Users/normanraschke/.npm correctMkdir not in flight; initializing
26 silly install normalizeTree
27 silly loadCurrentTree Finishing
28 silly loadIdealTree Starting
29 silly install loadIdealTree
30 silly cloneCurrentTree Starting
31 silly install cloneCurrentTreeToIdealTree
32 silly cloneCurrentTree Finishing
33 silly loadShrinkwrap Starting
34 silly install loadShrinkwrap
35 silly loadShrinkwrap Finishing
36 silly loadAllDepsIntoIdealTree Starting
37 silly install loadAllDepsIntoIdealTree
38 silly resolveWithNewModule watch@1.0.2 checking installable status
39 silly cache add args [ 'watch', null ]
40 verbose cache add spec watch
41 silly cache add parsed spec Result {
41 silly cache add   raw: 'watch',
41 silly cache add   scope: null,
41 silly cache add   escapedName: 'watch',
41 silly cache add   name: 'watch',
41 silly cache add   rawSpec: '',
41 silly cache add   spec: 'latest',
41 silly cache add   type: 'tag' }
42 silly addNamed watch@latest
43 verbose addNamed "latest" is being treated as a dist-tag for watch
44 info addNameTag [ 'watch', 'latest' ]
45 silly mapToRegistry name watch
46 silly mapToRegistry using default registry
47 silly mapToRegistry registry https://registry.npmjs.org/
48 silly mapToRegistry data Result {
48 silly mapToRegistry   raw: 'watch',
48 silly mapToRegistry   scope: null,
48 silly mapToRegistry   escapedName: 'watch',
48 silly mapToRegistry   name: 'watch',
48 silly mapToRegistry   rawSpec: '',
48 silly mapToRegistry   spec: 'latest',
48 silly mapToRegistry   type: 'tag' }
49 silly mapToRegistry uri https://registry.npmjs.org/watch
50 verbose addNameTag registry:https://registry.npmjs.org/watch not in flight; fetching
51 verbose get https://registry.npmjs.org/watch not expired, no request
52 silly addNameTag next cb for watch with tag latest
53 silly addNamed watch@1.0.2
54 verbose addNamed "1.0.2" is a plain semver version for watch
55 silly cache afterAdd watch@1.0.2
56 verbose afterAdd /Users/normanraschke/.npm/watch/1.0.2/package/package.json not in flight; writing
57 verbose correctMkdir /Users/normanraschke/.npm correctMkdir not in flight; initializing
58 verbose afterAdd /Users/normanraschke/.npm/watch/1.0.2/package/package.json written
59 silly fetchNamedPackageData exec-sh
60 silly mapToRegistry name exec-sh
61 silly mapToRegistry using default registry
62 silly mapToRegistry registry https://registry.npmjs.org/
63 silly mapToRegistry data Result {
63 silly mapToRegistry   raw: 'exec-sh',
63 silly mapToRegistry   scope: null,
63 silly mapToRegistry   escapedName: 'exec-sh',
63 silly mapToRegistry   name: 'exec-sh',
63 silly mapToRegistry   rawSpec: '',
63 silly mapToRegistry   spec: 'latest',
63 silly mapToRegistry   type: 'tag' }
64 silly mapToRegistry uri https://registry.npmjs.org/exec-sh
65 silly fetchNamedPackageData minimist
66 silly mapToRegistry name minimist
67 silly mapToRegistry using default registry
68 silly mapToRegistry registry https://registry.npmjs.org/
69 silly mapToRegistry data Result {
69 silly mapToRegistry   raw: 'minimist',
69 silly mapToRegistry   scope: null,
69 silly mapToRegistry   escapedName: 'minimist',
69 silly mapToRegistry   name: 'minimist',
69 silly mapToRegistry   rawSpec: '',
69 silly mapToRegistry   spec: 'latest',
69 silly mapToRegistry   type: 'tag' }
70 silly mapToRegistry uri https://registry.npmjs.org/minimist
71 verbose request uri https://registry.npmjs.org/exec-sh
72 verbose request no auth needed
73 info attempt registry request try #1 at 14:33:59
74 verbose etag W/"5911c561-2a09"
75 verbose lastModified Tue, 09 May 2017 13:34:25 GMT
76 http request GET https://registry.npmjs.org/exec-sh
77 verbose request uri https://registry.npmjs.org/minimist
78 verbose request no auth needed
79 info attempt registry request try #1 at 14:33:59
80 verbose etag W/"59119240-7599"
81 verbose lastModified Tue, 09 May 2017 09:56:16 GMT
82 http request GET https://registry.npmjs.org/minimist
83 http 200 https://registry.npmjs.org/exec-sh
84 verbose headers { server: 'nginx/1.10.1',
84 verbose headers   'content-type': 'application/json',
84 verbose headers   'last-modified': 'Sat, 13 May 2017 08:32:02 GMT',
84 verbose headers   etag: 'W/"5916c482-2a1b"',
84 verbose headers   'content-encoding': 'gzip',
84 verbose headers   'cache-control': 'max-age=300',
84 verbose headers   'content-length': '2540',
84 verbose headers   'accept-ranges': 'bytes',
84 verbose headers   date: 'Mon, 19 Jun 2017 12:33:59 GMT',
84 verbose headers   via: '1.1 varnish',
84 verbose headers   age: '92',
84 verbose headers   connection: 'close',
84 verbose headers   'x-served-by': 'cache-hhn1548-HHN',
84 verbose headers   'x-cache': 'HIT',
84 verbose headers   'x-cache-hits': '1',
84 verbose headers   'x-timer': 'S1497875640.905352,VS0,VE0',
84 verbose headers   vary: 'Accept-Encoding' }
85 silly get cb [ 200,
85 silly get   { server: 'nginx/1.10.1',
85 silly get     'content-type': 'application/json',
85 silly get     'last-modified': 'Sat, 13 May 2017 08:32:02 GMT',
85 silly get     etag: 'W/"5916c482-2a1b"',
85 silly get     'content-encoding': 'gzip',
85 silly get     'cache-control': 'max-age=300',
85 silly get     'content-length': '2540',
85 silly get     'accept-ranges': 'bytes',
85 silly get     date: 'Mon, 19 Jun 2017 12:33:59 GMT',
85 silly get     via: '1.1 varnish',
85 silly get     age: '92',
85 silly get     connection: 'close',
85 silly get     'x-served-by': 'cache-hhn1548-HHN',
85 silly get     'x-cache': 'HIT',
85 silly get     'x-cache-hits': '1',
85 silly get     'x-timer': 'S1497875640.905352,VS0,VE0',
85 silly get     vary: 'Accept-Encoding' } ]
86 verbose get saving exec-sh to /Users/normanraschke/.npm/registry.npmjs.org/exec-sh/.cache.json
87 verbose correctMkdir /Users/normanraschke/.npm correctMkdir not in flight; initializing
88 silly resolveWithNewModule exec-sh@0.2.0 checking installable status
89 silly cache add args [ 'exec-sh@^0.2.0', null ]
90 verbose cache add spec exec-sh@^0.2.0
91 silly cache add parsed spec Result {
91 silly cache add   raw: 'exec-sh@^0.2.0',
91 silly cache add   scope: null,
91 silly cache add   escapedName: 'exec-sh',
91 silly cache add   name: 'exec-sh',
91 silly cache add   rawSpec: '^0.2.0',
91 silly cache add   spec: '>=0.2.0 <0.3.0',
91 silly cache add   type: 'range' }
92 silly addNamed exec-sh@>=0.2.0 <0.3.0
93 verbose addNamed ">=0.2.0 <0.3.0" is a valid semver range for exec-sh
94 silly addNameRange { name: 'exec-sh', range: '>=0.2.0 <0.3.0', hasData: false }
95 silly mapToRegistry name exec-sh
96 silly mapToRegistry using default registry
97 silly mapToRegistry registry https://registry.npmjs.org/
98 silly mapToRegistry data Result {
98 silly mapToRegistry   raw: 'exec-sh',
98 silly mapToRegistry   scope: null,
98 silly mapToRegistry   escapedName: 'exec-sh',
98 silly mapToRegistry   name: 'exec-sh',
98 silly mapToRegistry   rawSpec: '',
98 silly mapToRegistry   spec: 'latest',
98 silly mapToRegistry   type: 'tag' }
99 silly mapToRegistry uri https://registry.npmjs.org/exec-sh
100 verbose addNameRange registry:https://registry.npmjs.org/exec-sh not in flight; fetching
101 verbose get https://registry.npmjs.org/exec-sh not expired, no request
102 silly addNameRange number 2 { name: 'exec-sh', range: '>=0.2.0 <0.3.0', hasData: true }
103 silly addNameRange versions [ 'exec-sh', [ '0.1.0', '0.1.2', '0.1.3', '0.1.4', '0.2.0' ] ]
104 silly addNamed exec-sh@0.2.0
105 verbose addNamed "0.2.0" is a plain semver version for exec-sh
106 http 200 https://registry.npmjs.org/minimist
107 verbose headers { server: 'nginx/1.10.1',
107 verbose headers   'content-type': 'application/json',
107 verbose headers   'last-modified': 'Fri, 16 Jun 2017 15:42:16 GMT',
107 verbose headers   etag: 'W/"5943fc58-75f5"',
107 verbose headers   'content-encoding': 'gzip',
107 verbose headers   'cache-control': 'max-age=300',
107 verbose headers   'content-length': '5827',
107 verbose headers   'accept-ranges': 'bytes',
107 verbose headers   date: 'Mon, 19 Jun 2017 12:33:59 GMT',
107 verbose headers   via: '1.1 varnish',
107 verbose headers   age: '85',
107 verbose headers   connection: 'close',
107 verbose headers   'x-served-by': 'cache-hhn1527-HHN',
107 verbose headers   'x-cache': 'HIT',
107 verbose headers   'x-cache-hits': '22',
107 verbose headers   'x-timer': 'S1497875640.945387,VS0,VE0',
107 verbose headers   vary: 'Accept-Encoding' }
108 silly get cb [ 200,
108 silly get   { server: 'nginx/1.10.1',
108 silly get     'content-type': 'application/json',
108 silly get     'last-modified': 'Fri, 16 Jun 2017 15:42:16 GMT',
108 silly get     etag: 'W/"5943fc58-75f5"',
108 silly get     'content-encoding': 'gzip',
108 silly get     'cache-control': 'max-age=300',
108 silly get     'content-length': '5827',
108 silly get     'accept-ranges': 'bytes',
108 silly get     date: 'Mon, 19 Jun 2017 12:33:59 GMT',
108 silly get     via: '1.1 varnish',
108 silly get     age: '85',
108 silly get     connection: 'close',
108 silly get     'x-served-by': 'cache-hhn1527-HHN',
108 silly get     'x-cache': 'HIT',
108 silly get     'x-cache-hits': '22',
108 silly get     'x-timer': 'S1497875640.945387,VS0,VE0',
108 silly get     vary: 'Accept-Encoding' } ]
109 verbose get saving minimist to /Users/normanraschke/.npm/registry.npmjs.org/minimist/.cache.json
110 verbose correctMkdir /Users/normanraschke/.npm correctMkdir not in flight; initializing
111 silly cache afterAdd exec-sh@0.2.0
112 verbose afterAdd /Users/normanraschke/.npm/exec-sh/0.2.0/package/package.json not in flight; writing
113 verbose correctMkdir /Users/normanraschke/.npm correctMkdir not in flight; initializing
114 silly resolveWithNewModule minimist@1.2.0 checking installable status
115 silly cache add args [ 'minimist@^1.2.0', null ]
116 verbose cache add spec minimist@^1.2.0
117 silly cache add parsed spec Result {
117 silly cache add   raw: 'minimist@^1.2.0',
117 silly cache add   scope: null,
117 silly cache add   escapedName: 'minimist',
117 silly cache add   name: 'minimist',
117 silly cache add   rawSpec: '^1.2.0',
117 silly cache add   spec: '>=1.2.0 <2.0.0',
117 silly cache add   type: 'range' }
118 silly addNamed minimist@>=1.2.0 <2.0.0
119 verbose addNamed ">=1.2.0 <2.0.0" is a valid semver range for minimist
120 silly addNameRange { name: 'minimist', range: '>=1.2.0 <2.0.0', hasData: false }
121 silly mapToRegistry name minimist
122 silly mapToRegistry using default registry
123 silly mapToRegistry registry https://registry.npmjs.org/
124 silly mapToRegistry data Result {
124 silly mapToRegistry   raw: 'minimist',
124 silly mapToRegistry   scope: null,
124 silly mapToRegistry   escapedName: 'minimist',
124 silly mapToRegistry   name: 'minimist',
124 silly mapToRegistry   rawSpec: '',
124 silly mapToRegistry   spec: 'latest',
124 silly mapToRegistry   type: 'tag' }
125 silly mapToRegistry uri https://registry.npmjs.org/minimist
126 verbose addNameRange registry:https://registry.npmjs.org/minimist not in flight; fetching
127 verbose get https://registry.npmjs.org/minimist not expired, no request
128 silly addNameRange number 2 { name: 'minimist', range: '>=1.2.0 <2.0.0', hasData: true }
129 silly addNameRange versions [ 'minimist',
129 silly addNameRange   [ '0.0.0',
129 silly addNameRange     '0.0.1',
129 silly addNameRange     '0.0.2',
129 silly addNameRange     '0.0.3',
129 silly addNameRange     '0.0.4',
129 silly addNameRange     '0.0.5',
129 silly addNameRange     '0.0.6',
129 silly addNameRange     '0.0.7',
129 silly addNameRange     '0.0.8',
129 silly addNameRange     '0.0.9',
129 silly addNameRange     '0.0.10',
129 silly addNameRange     '0.1.0',
129 silly addNameRange     '0.2.0',
129 silly addNameRange     '1.0.0',
129 silly addNameRange     '1.1.0',
129 silly addNameRange     '1.1.1',
129 silly addNameRange     '1.1.2',
129 silly addNameRange     '1.1.3',
129 silly addNameRange     '1.2.0' ] ]
130 silly addNamed minimist@1.2.0
131 verbose addNamed "1.2.0" is a plain semver version for minimist
132 verbose afterAdd /Users/normanraschke/.npm/exec-sh/0.2.0/package/package.json written
133 silly cache afterAdd minimist@1.2.0
134 verbose afterAdd /Users/normanraschke/.npm/minimist/1.2.0/package/package.json not in flight; writing
135 verbose correctMkdir /Users/normanraschke/.npm correctMkdir not in flight; initializing
136 verbose afterAdd /Users/normanraschke/.npm/minimist/1.2.0/package/package.json written
137 silly fetchNamedPackageData merge
138 silly mapToRegistry name merge
139 silly mapToRegistry using default registry
140 silly mapToRegistry registry https://registry.npmjs.org/
141 silly mapToRegistry data Result {
141 silly mapToRegistry   raw: 'merge',
141 silly mapToRegistry   scope: null,
141 silly mapToRegistry   escapedName: 'merge',
141 silly mapToRegistry   name: 'merge',
141 silly mapToRegistry   rawSpec: '',
141 silly mapToRegistry   spec: 'latest',
141 silly mapToRegistry   type: 'tag' }
142 silly mapToRegistry uri https://registry.npmjs.org/merge
143 verbose request uri https://registry.npmjs.org/merge
144 verbose request no auth needed
145 info attempt registry request try #1 at 14:33:59
146 verbose etag W/"58cb1b2d-1e46"
147 verbose lastModified Thu, 16 Mar 2017 23:09:33 GMT
148 http request GET https://registry.npmjs.org/merge
149 http 200 https://registry.npmjs.org/merge
150 verbose headers { server: 'nginx/1.10.1',
150 verbose headers   'content-type': 'application/json',
150 verbose headers   'last-modified': 'Fri, 16 Jun 2017 10:17:45 GMT',
150 verbose headers   etag: 'W/"5943b049-1e73"',
150 verbose headers   'content-encoding': 'gzip',
150 verbose headers   'cache-control': 'max-age=300',
150 verbose headers   'content-length': '1880',
150 verbose headers   'accept-ranges': 'bytes',
150 verbose headers   date: 'Mon, 19 Jun 2017 12:34:00 GMT',
150 verbose headers   via: '1.1 varnish',
150 verbose headers   age: '120',
150 verbose headers   connection: 'close',
150 verbose headers   'x-served-by': 'cache-hhn1529-HHN',
150 verbose headers   'x-cache': 'HIT',
150 verbose headers   'x-cache-hits': '4',
150 verbose headers   'x-timer': 'S1497875640.093757,VS0,VE0',
150 verbose headers   vary: 'Accept-Encoding' }
151 silly get cb [ 200,
151 silly get   { server: 'nginx/1.10.1',
151 silly get     'content-type': 'application/json',
151 silly get     'last-modified': 'Fri, 16 Jun 2017 10:17:45 GMT',
151 silly get     etag: 'W/"5943b049-1e73"',
151 silly get     'content-encoding': 'gzip',
151 silly get     'cache-control': 'max-age=300',
151 silly get     'content-length': '1880',
151 silly get     'accept-ranges': 'bytes',
151 silly get     date: 'Mon, 19 Jun 2017 12:34:00 GMT',
151 silly get     via: '1.1 varnish',
151 silly get     age: '120',
151 silly get     connection: 'close',
151 silly get     'x-served-by': 'cache-hhn1529-HHN',
151 silly get     'x-cache': 'HIT',
151 silly get     'x-cache-hits': '4',
151 silly get     'x-timer': 'S1497875640.093757,VS0,VE0',
151 silly get     vary: 'Accept-Encoding' } ]
152 verbose get saving merge to /Users/normanraschke/.npm/registry.npmjs.org/merge/.cache.json
153 verbose correctMkdir /Users/normanraschke/.npm correctMkdir not in flight; initializing
154 silly resolveWithNewModule merge@1.2.0 checking installable status
155 silly cache add args [ 'merge@^1.1.3', null ]
156 verbose cache add spec merge@^1.1.3
157 silly cache add parsed spec Result {
157 silly cache add   raw: 'merge@^1.1.3',
157 silly cache add   scope: null,
157 silly cache add   escapedName: 'merge',
157 silly cache add   name: 'merge',
157 silly cache add   rawSpec: '^1.1.3',
157 silly cache add   spec: '>=1.1.3 <2.0.0',
157 silly cache add   type: 'range' }
158 silly addNamed merge@>=1.1.3 <2.0.0
159 verbose addNamed ">=1.1.3 <2.0.0" is a valid semver range for merge
160 silly addNameRange { name: 'merge', range: '>=1.1.3 <2.0.0', hasData: false }
161 silly mapToRegistry name merge
162 silly mapToRegistry using default registry
163 silly mapToRegistry registry https://registry.npmjs.org/
164 silly mapToRegistry data Result {
164 silly mapToRegistry   raw: 'merge',
164 silly mapToRegistry   scope: null,
164 silly mapToRegistry   escapedName: 'merge',
164 silly mapToRegistry   name: 'merge',
164 silly mapToRegistry   rawSpec: '',
164 silly mapToRegistry   spec: 'latest',
164 silly mapToRegistry   type: 'tag' }
165 silly mapToRegistry uri https://registry.npmjs.org/merge
166 verbose addNameRange registry:https://registry.npmjs.org/merge not in flight; fetching
167 verbose get https://registry.npmjs.org/merge not expired, no request
168 silly addNameRange number 2 { name: 'merge', range: '>=1.1.3 <2.0.0', hasData: true }
169 silly addNameRange versions [ 'merge',
169 silly addNameRange   [ '1.0.0', '1.1.0', '1.1.1', '1.1.2', '1.1.3', '1.2.0' ] ]
170 silly addNamed merge@1.2.0
171 verbose addNamed "1.2.0" is a plain semver version for merge
172 silly cache afterAdd merge@1.2.0
173 verbose afterAdd /Users/normanraschke/.npm/merge/1.2.0/package/package.json not in flight; writing
174 verbose correctMkdir /Users/normanraschke/.npm correctMkdir not in flight; initializing
175 verbose afterAdd /Users/normanraschke/.npm/merge/1.2.0/package/package.json written
176 silly loadAllDepsIntoIdealTree Finishing
177 silly loadIdealTree Finishing
178 silly currentTree lib
179 silly idealTree lib
179 silly idealTree └─┬ watch@1.0.2
179 silly idealTree   ├── exec-sh@0.2.0
179 silly idealTree   ├── merge@1.2.0
179 silly idealTree   └── minimist@1.2.0
180 silly generateActionsToTake Starting
181 silly install generateActionsToTake
182 warn checkPermissions Missing write access to /usr/local/lib/node_modules
183 silly rollbackFailedOptional Starting
184 silly rollbackFailedOptional Finishing
185 silly runTopLevelLifecycles Finishing
186 silly install printInstalled
187 verbose stack Error: EACCES: permission denied, access '/usr/local/lib/node_modules'
187 verbose stack     at Error (native)
188 verbose cwd /Users/normanraschke/workspace/Einkaufsliste
189 error Darwin 15.6.0
190 error argv "/usr/local/bin/node" "/usr/local/bin/npm" "install" "watch" "-g"
191 error node v6.10.3
192 error npm  v3.10.10
193 error path /usr/local/lib/node_modules
194 error code EACCES
195 error errno -13
196 error syscall access
197 error Error: EACCES: permission denied, access '/usr/local/lib/node_modules'
197 error     at Error (native)
197 error  { Error: EACCES: permission denied, access '/usr/local/lib/node_modules'
197 error     at Error (native)
197 error   errno: -13,
197 error   code: 'EACCES',
197 error   syscall: 'access',
197 error   path: '/usr/local/lib/node_modules' }
198 error Please try running this command again as root/Administrator.
199 verbose exit [ -13, true ]
